This is pdfTeX, Version 3.1415926-1.40.10 (MiKTeX 2.8) (preloaded format=latex 2017.1.23)  22 MAY 2017 18:06
entering extended mode
**elsarticle.dtx
(C:\Users\Spring\Desktop\elsarticle\1\elsarticle.dtx
LaTeX2e <2009/09/24>
Babel <v3.8l> and hyphenation patterns for english, dumylang, nohyphenation, ge
rman, ngerman, german-x-2009-06-19, ngerman-x-2009-06-19, french, loaded.
(C:\CTEX\MiKTeX\tex\latex\base\ltxdoc.cls
Document Class: ltxdoc 2007/11/11 v2.0u Standard LaTeX documentation class
(C:\CTEX\MiKTeX\tex\latex\base\article.cls
Document Class: article 2007/10/19 v1.4h Standard LaTeX document class
(C:\CTEX\MiKTeX\tex\latex\base\size10.clo
File: size10.clo 2007/10/19 v1.4h Standard LaTeX file (size option)
)
\c@part=\count79
\c@section=\count80
\c@subsection=\count81
\c@subsubsection=\count82
\c@paragraph=\count83
\c@subparagraph=\count84
\c@figure=\count85
\c@table=\count86
\abovecaptionskip=\skip41
\belowcaptionskip=\skip42
\bibindent=\dimen102
)
(C:\CTEX\MiKTeX\tex\latex\base\doc.sty
Package: doc 2006/02/02 v2.1d Standard LaTeX documentation package (FMi)
\c@StandardModuleDepth=\count87
\guard@level=\count88
\MacrocodeTopsep=\skip43
\MacroIndent=\dimen103
\macro@cnt=\count89
\MacroTopsep=\skip44
\index@excludelist=\toks14

(C:\CTEX\MiKTeX\tex\latex\tools\multicol.sty
Package: multicol 2008/12/05 v1.6h multicolumn formatting (FMi)
\c@tracingmulticols=\count90
\mult@box=\box26
\multicol@leftmargin=\dimen104
\c@unbalance=\count91
\c@collectmore=\count92
\doublecol@number=\count93
\multicoltolerance=\count94
\multicolpretolerance=\count95
\full@width=\dimen105
\page@free=\dimen106
\premulticols=\dimen107
\postmulticols=\dimen108
\multicolsep=\skip45
\multicolbaselineskip=\skip46
\partial@page=\box27
\last@line=\box28
\mult@rightbox=\box29
\mult@grightbox=\box30
\mult@gfirstbox=\box31
\mult@firstbox=\box32
\@tempa=\box33
\@tempa=\box34
\@tempa=\box35
\@tempa=\box36
\@tempa=\box37
\@tempa=\box38
\@tempa=\box39
\@tempa=\box40
\@tempa=\box41
\@tempa=\box42
\@tempa=\box43
\@tempa=\box44
\@tempa=\box45
\@tempa=\box46
\@tempa=\box47
\@tempa=\box48
\@tempa=\box49
\c@columnbadness=\count96
\c@finalcolumnbadness=\count97
\last@try=\dimen109
\multicolovershoot=\dimen110
\multicolundershoot=\dimen111
\mult@nat@firstbox=\box50
\colbreak@box=\box51
)
\IndexMin=\dimen112
\c@IndexColumns=\count98
\GlossaryMin=\dimen113
\c@GlossaryColumns=\count99
\check@sum=\count100
\bslash@cnt=\count101
\wrong@table=\toks15
\c@CodelineNo=\count102
))
\@indexfile=\write3

Writing index file elsarticle.idx
\@glossaryfile=\write4
Writing glossary file elsarticle.glo 
(C:\CTEX\MiKTeX\tex\latex\comment\comment.sty
\CommentStream=\write5
 Excluding comment 'comment')
No file elsarticle.aux.
LaTeX Font Info:    Checking defaults for OML/cmm/m/it on input line 26.
LaTeX Font Info:    ... okay on input line 26.
LaTeX Font Info:    Checking defaults for T1/cmr/m/n on input line 26.
LaTeX Font Info:    ... okay on input line 26.
LaTeX Font Info:    Checking defaults for OT1/cmr/m/n on input line 26.
LaTeX Font Info:    ... okay on input line 26.
LaTeX Font Info:    Checking defaults for OMS/cmsy/m/n on input line 26.
LaTeX Font Info:    ... okay on input line 26.
LaTeX Font Info:    Checking defaults for OMX/cmex/m/n on input line 26.
LaTeX Font Info:    ... okay on input line 26.
LaTeX Font Info:    Checking defaults for U/cmr/m/n on input line 26.
LaTeX Font Info:    ... okay on input line 26.
Package doc Info: Made | a short reference for \verb on input line 26.
(C:\Users\Spring\Desktop\elsarticle\1\elsarticle.dtx
***************************
* Character table correct *
***************************
LaTeX Font Info:    External font `cmex10' loaded for size
(Font)              <12> on input line 67.
LaTeX Font Info:    External font `cmex10' loaded for size
(Font)              <8> on input line 67.
LaTeX Font Info:    External font `cmex10' loaded for size
(Font)              <6> on input line 67.
LaTeX Font Info:    External font `cmex10' loaded for size
(Font)              <9> on input line 133.
LaTeX Font Info:    External font `cmex10' loaded for size
(Font)              <5> on input line 133.
[1

]
Overfull \hbox (0.5877pt too wide) in paragraph at lines 503--503
 [][]   \OT1/cmtt/m/n/9 \def\thefootnote{\ifcase\c@tnote\or\ding{73}\or\ding{73
}\ding{73}\fi}% 
 []

[2] [3]
Overfull \hbox (0.5877pt too wide) in paragraph at lines 503--503
 [][]       \OT1/cmtt/m/n/9 \edef\affnum{\@ifundefined{X@\@@affmark}{1}{\elsRef
{\@@affmark}}}% 
 []

[4] [5] [6] [7] [8] [9] [10]
Overfull \hbox (19.48749pt too wide) in paragraph at lines 626--626
 [][]\OT1/cmtt/m/n/9 \def\@enfont{\ifnum \@enumdepth >1\let\@nxt\sfn \else\let\
@nxt\sfbc \fi\@nxt} 
 []

[11] [12] [13] [14] [15]
*******************
* Checksum passed *
*******************
)
No file elsarticle.gls.
No file elsarticle.ind.
[16] (C:\Users\Spring\Desktop\elsarticle\1\elsarticle.aux) ) 
Here is how much of TeX's memory you used:
 620 strings out of 495286
 7697 string characters out of 3181610
 62933 words of memory out of 3000000
 3869 multiletter control sequences out of 15000+200000
 9878 words of font info for 35 fonts, out of 3000000 for 9000
 14 hyphenation exceptions out of 8191
 30i,6n,21p,229b,309s stack positions out of 5000i,500n,10000p,200000b,50000s

Output written on elsarticle.dvi (16 pages, 37600 bytes).
